2021-04-02_12-32-35 INFO Validating string
2021-04-02_12-32-35 INFO Validating string
2021-04-02_12-32-35 INFO Validating string
2021-04-02_12-32-35 INFO Counting average value
2021-04-02_12-32-35 INFO Counting average value
2021-04-02_12-32-35 INFO Counting average value
2021-04-02_12-32-35 WARN Empty array
2021-04-02_12-32-35 INFO Sorting array with bubble sort
2021-04-02_12-32-35 INFO Sorting array with bubble sort
2021-04-02_12-32-35 INFO Sorting array with bubble sort
2021-04-02_12-32-35 WARN Empty array
2021-04-02_12-32-35 INFO Counting amount of negative values
2021-04-02_12-32-35 INFO Counting amount of negative values
2021-04-02_12-32-35 INFO Counting amount of negative values
2021-04-02_12-32-35 WARN Empty array
2021-04-02_12-32-35 INFO Counting amount of positive values
2021-04-02_12-32-35 INFO Counting amount of positive values
2021-04-02_12-32-35 INFO Counting amount of positive values
2021-04-02_12-32-35 WARN Empty array
2021-04-02_12-32-35 INFO Sorting array using quick sort
2021-04-02_12-32-35 INFO Sorting array using quick sort
2021-04-02_12-32-35 INFO Sorting array using quick sort
2021-04-02_12-32-35 WARN Empty array
2021-04-02_12-32-35 INFO Replacing negative elements with zeros
2021-04-02_12-32-35 INFO Replacing negative elements with zeros
2021-04-02_12-32-35 INFO Replacing negative elements with zeros
2021-04-02_12-32-35 INFO Replacing negative elements with zeros
2021-04-02_12-32-35 WARN Empty array
2021-04-02_12-32-35 INFO Searching max value
2021-04-02_12-32-35 INFO Searching max value
2021-04-02_12-32-35 INFO Searching max value
2021-04-02_12-32-35 WARN Empty array
2021-04-02_12-32-35 INFO Searching min value
2021-04-02_12-32-35 INFO Searching min value
2021-04-02_12-32-35 INFO Searching min value
2021-04-02_12-32-35 WARN Empty array
2021-04-02_12-32-35 INFO Sorting array using selection sort
2021-04-02_12-32-35 INFO Sorting array using selection sort
2021-04-02_12-32-35 INFO Sorting array using selection sort
2021-04-02_12-32-35 WARN Empty array
2021-04-02_12-32-35 INFO Creating array entity
2021-04-02_12-32-35 INFO Counting sum of array
2021-04-02_12-32-35 INFO Counting sum of array
2021-04-02_12-32-35 WARN Empty array
2021-04-02_12-32-35 INFO Counting sum of array
2021-04-02_12-32-35 INFO Reading line from data.txt
2021-04-02_12-32-35 INFO Validating string
2021-04-02_12-32-35 INFO Reading line from data.txt
2021-04-02_12-32-35 INFO Validating string
2021-04-02_12-32-35 INFO Reading line from data.txt
2021-04-02_12-32-35 INFO Validating string
2021-04-02_12-32-35 WARN No valid data found in a file
